<?xml version="1.0" encoding="UTF-8"?>
<testng-results skipped="0" failed="0" ignored="0" total="1" passed="1">
  <reporter-output>
  </reporter-output>
  <suite name="Suite1" duration-ms="23759" started-at="2019-06-22T16:03:56Z" finished-at="2019-06-22T16:04:19Z">
    <groups>
    </groups>
    <test name="Test1" duration-ms="23759" started-at="2019-06-22T16:03:56Z" finished-at="2019-06-22T16:04:19Z">
      <class name="TestNgPackage.addbookTest">
        <test-method status="PASS" signature="launch()[pri:0, instance:TestNgPackage.addbookTest@d8355a8]" name="launch" is-config="true" duration-ms="15346" started-at="2019-06-22T16:03:56Z" finished-at="2019-06-22T16:04:11Z">
          <reporter-output>
          </reporter-output>
        </test-method> <!-- launch -->
        <test-method status="PASS" signature="verifyaddbook()[pri:0, instance:TestNgPackage.addbookTest@d8355a8]" name="verifyaddbook" duration-ms="4245" started-at="2019-06-22T16:04:11Z" finished-at="2019-06-22T16:04:15Z">
          <reporter-output>
          </reporter-output>
        </test-method> <!-- verifyaddbook -->
        <test-method status="PASS" signature="close()[pri:0, instance:TestNgPackage.addbookTest@d8355a8]" name="close" is-config="true" duration-ms="4125" started-at="2019-06-22T16:04:15Z" finished-at="2019-06-22T16:04:19Z">
          <reporter-output>
          </reporter-output>
        </test-method> <!-- close -->
      </class> <!-- TestNgPackage.addbookTest -->
    </test> <!-- Test1 -->
  </suite> <!-- Suite1 -->
</testng-results>
